<?xml version="1.0" encoding="utf-8"?><testsuites><testsuite name="pytest" errors="0" failures="1" skipped="0" tests="220" time="286.610" timestamp="2023-07-12T01:33:08.106908" hostname="sdfrome002"><testcase classname="ip_isr.doc.conf.flake-8" name="FLAKE8" time="0.373" /><testcase classname="ip_isr.python.lsst.__init__.flake-8" name="FLAKE8" time="0.209" /><testcase classname="ip_isr.python.lsst.ip.__init__.flake-8" name="FLAKE8" time="0.182" /><testcase classname="ip_isr.python.lsst.ip.isr.__init__.flake-8" name="FLAKE8" time="0.181" /><testcase classname="ip_isr.python.lsst.ip.isr.ampOffset.flake-8" name="FLAKE8" time="0.458" /><testcase classname="ip_isr.python.lsst.ip.isr.assembleCcdTask.flake-8" name="FLAKE8" time="0.278" /><testcase classname="ip_isr.python.lsst.ip.isr.brighterFatterKernel.flake-8" name="FLAKE8" time="1.286" /><testcase classname="ip_isr.python.lsst.ip.isr.calibType.flake-8" name="FLAKE8" time="1.849" /><testcase classname="ip_isr.python.lsst.ip.isr.crosstalk.flake-8" name="FLAKE8" time="1.563" /><testcase classname="ip_isr.python.lsst.ip.isr.defects.flake-8" name="FLAKE8" time="1.549" /><testcase classname="ip_isr.python.lsst.ip.isr.deferredCharge.flake-8" name="FLAKE8" time="1.472" /><testcase classname="ip_isr.python.lsst.ip.isr.fringe.flake-8" name="FLAKE8" time="1.324" /><testcase classname="ip_isr.python.lsst.ip.isr.isrFunctions.flake-8" name="FLAKE8" time="2.070" /><testcase classname="ip_isr.python.lsst.ip.isr.isrMock.flake-8" name="FLAKE8" time="2.177" /><testcase classname="ip_isr.python.lsst.ip.isr.isrQa.flake-8" name="FLAKE8" time="0.603" /><testcase classname="ip_isr.python.lsst.ip.isr.isrStatistics.flake-8" name="FLAKE8" time="0.835"><failure message="/sdf/home/a/abrought/alternate_branches/chrisfixes_old/ip_isr/python/lsst/ip/isr/isrStatistics.py:245:13: F841 local variable 'gain' is assigned to but never used&#10;/sdf/home/a/abrought/alternate_branches/chrisfixes_old/ip_isr/python/lsst/ip/isr/isrStatistics.py:286:42: E261 at least two spaces before inline comment&#10;">/sdf/home/a/abrought/alternate_branches/chrisfixes_old/ip_isr/python/lsst/ip/isr/isrStatistics.py:245:13: F841 local variable 'gain' is assigned to but never used
/sdf/home/a/abrought/alternate_branches/chrisfixes_old/ip_isr/python/lsst/ip/isr/isrStatistics.py:286:42: E261 at least two spaces before inline comment
</failure></testcase><testcase classname="ip_isr.python.lsst.ip.isr.isrTask.flake-8" name="FLAKE8" time="4.408" /><testcase classname="ip_isr.python.lsst.ip.isr.linearize.flake-8" name="FLAKE8" time="1.541" /><testcase classname="ip_isr.python.lsst.ip.isr.masking.flake-8" name="FLAKE8" time="0.487" /><testcase classname="ip_isr.python.lsst.ip.isr.overscan.flake-8" name="FLAKE8" time="1.582" /><testcase classname="ip_isr.python.lsst.ip.isr.photodiode.flake-8" name="FLAKE8" time="0.974" /><testcase classname="ip_isr.python.lsst.ip.isr.photodiodeCorrection.flake-8" name="FLAKE8" time="0.697" /><testcase classname="ip_isr.python.lsst.ip.isr.ptcDataset.flake-8" name="FLAKE8" time="1.411" /><testcase classname="ip_isr.python.lsst.ip.isr.straylight.flake-8" name="FLAKE8" time="0.551" /><testcase classname="ip_isr.python.lsst.ip.isr.transmissionCurve.flake-8" name="FLAKE8" time="0.549" /><testcase classname="ip_isr.python.lsst.ip.isr.version.flake-8" name="FLAKE8" time="0.390" /><testcase classname="ip_isr.python.lsst.ip.isr.vignette.flake-8" name="FLAKE8" time="0.484" /><testcase classname="ip_isr.tests.test_applyLookupTable.flake-8" name="FLAKE8" time="0.472" /><testcase classname="ip_isr.tests.test_applyLookupTable.ApplyLookupTableTestCase" name="testBasics" time="0.007" /><testcase classname="ip_isr.tests.test_applyLookupTable.ApplyLookupTableTestCase" name="testKnown" time="0.001" /><testcase classname="ip_isr.tests.test_applyLookupTable.MemoryTester" name="testFileDescriptorLeaks" time="0.108" /><testcase classname="ip_isr.tests.test_assembleCcd.flake-8" name="FLAKE8" time="0.541" /><testcase classname="ip_isr.tests.test_assembleCcd.AssembleCcdTestCases" name="testAssembleCcdTask_expDict_doTrim" time="5.333" /><testcase classname="ip_isr.tests.test_assembleCcd.AssembleCcdTestCases" name="testAssembleCcdTask_expDict_noTrim" time="5.306" /><testcase classname="ip_isr.tests.test_assembleCcd.AssembleCcdTestCases" name="testAssembleCcdTask_exp_doTrim" time="5.440" /><testcase classname="ip_isr.tests.test_assembleCcd.AssembleCcdTestCases" name="testAssembleCcdTask_exp_noTrim" time="5.336" /><testcase classname="ip_isr.tests.test_assembleCcd.AssembleCcdTestCases" name="testAssembleCcdTask_fail" time="3.553" /><testcase classname="ip_isr.tests.test_assembleCcd.MemoryTester" name="testFileDescriptorLeaks" time="0.110" /><testcase classname="ip_isr.tests.test_biasAndDarkCorrection.flake-8" name="FLAKE8" time="0.790" /><testcase classname="ip_isr.tests.test_biasAndDarkCorrection.IsrTestCases" name="testBias" time="0.003" /><testcase classname="ip_isr.tests.test_biasAndDarkCorrection.IsrTestCases" name="testDark1" time="0.002" /><testcase classname="ip_isr.tests.test_biasAndDarkCorrection.IsrTestCases" name="testDark2" time="0.002" /><testcase classname="ip_isr.tests.test_biasAndDarkCorrection.IsrTestCases" name="testDark3" time="0.002" /><testcase classname="ip_isr.tests.test_biasAndDarkCorrection.IsrTestCases" name="testDarkWithDarktime" time="0.049" /><testcase classname="ip_isr.tests.test_biasAndDarkCorrection.IsrTestCases" name="testDarkWithDarktimeNan" time="0.050" /><testcase classname="ip_isr.tests.test_biasAndDarkCorrection.MemoryTester" name="testFileDescriptorLeaks" time="0.102" /><testcase classname="ip_isr.tests.test_brighterFatter.flake-8" name="FLAKE8" time="0.632" /><testcase classname="ip_isr.tests.test_brighterFatter.BrighterFatterTestCases" name="test_BrighterFatterIO" time="0.012" /><testcase classname="ip_isr.tests.test_brighterFatter.BrighterFatterTestCases" name="test_BrighterFatterInterface" time="0.021" /><testcase classname="ip_isr.tests.test_brighterFatter.MemoryTester" name="testFileDescriptorLeaks" time="0.098" /><testcase classname="ip_isr.tests.test_calibType.flake-8" name="FLAKE8" time="0.381" /><testcase classname="ip_isr.tests.test_calibType.IsrCalibCases" name="test_Fits" time="0.032" /><testcase classname="ip_isr.tests.test_calibType.IsrCalibCases" name="test_Text" time="0.037" /><testcase classname="ip_isr.tests.test_calibType.MemoryTester" name="testFileDescriptorLeaks" time="0.098" /><testcase classname="ip_isr.tests.test_crosstalk.flake-8" name="FLAKE8" time="1.023" /><testcase classname="ip_isr.tests.test_crosstalk.CrosstalkTestCase" name="testDirectAPI" time="0.064" /><testcase classname="ip_isr.tests.test_crosstalk.CrosstalkTestCase" name="testTaskAPI" time="0.098" /><testcase classname="ip_isr.tests.test_crosstalk.CrosstalkTestCase" name="test_crosstalkIO" time="0.070" /><testcase classname="ip_isr.tests.test_crosstalk.CrosstalkTestCase" name="test_interChip" time="0.114" /><testcase classname="ip_isr.tests.test_crosstalk.CrosstalkTestCase" name="test_nullCrosstalkTask" time="0.025" /><testcase classname="ip_isr.tests.test_crosstalk.MemoryTester" name="testFileDescriptorLeaks" time="0.102" /><testcase classname="ip_isr.tests.test_defect.flake-8" name="FLAKE8" time="0.675" /><testcase classname="ip_isr.tests.test_defect.DefectTestCases" name="testDefectBase" time="0.005" /><testcase classname="ip_isr.tests.test_defect.DefectTestCases" name="testDefectsFromMaskedImage" time="0.002" /><testcase classname="ip_isr.tests.test_defect.MemoryTester" name="testFileDescriptorLeaks" time="0.099" /><testcase classname="ip_isr.tests.test_defects.flake-8" name="FLAKE8" time="0.739" /><testcase classname="ip_isr.tests.test_defects.DefectsTestCase" name="testAstropyRegion" time="0.024" /><testcase classname="ip_isr.tests.test_defects.DefectsTestCase" name="testLsstTextfile" time="0.350" /><testcase classname="ip_isr.tests.test_defects.DefectsTestCase" name="test_defects" time="0.042" /><testcase classname="ip_isr.tests.test_defects.DefectsTestCase" name="test_normalize_defects" time="0.007" /><testcase classname="ip_isr.tests.test_defects.TestMemory" name="testFileDescriptorLeaks" time="0.101" /><testcase classname="ip_isr.tests.test_deferredCharge.flake-8" name="FLAKE8" time="0.722" /><testcase classname="ip_isr.tests.test_deferredCharge.SerialTrapTestCase" name="testTrapsLinear" time="0.002" /><testcase classname="ip_isr.tests.test_deferredCharge.SerialTrapTestCase" name="testTrapsLogistic" time="0.001" /><testcase classname="ip_isr.tests.test_deferredCharge.DeferredChargeTestCase" name="testFullyPopulated" time="0.045" /><testcase classname="ip_isr.tests.test_deferredCharge.DeferredChargeTestCase" name="testTaskMethods" time="0.003" /><testcase classname="ip_isr.tests.test_deferredCharge.MemoryTester" name="testFileDescriptorLeaks" time="0.101" /><testcase classname="ip_isr.tests.test_empiricalVariance.flake-8" name="FLAKE8" time="0.579" /><testcase classname="ip_isr.tests.test_empiricalVariance.EmpiricalVarianceTestCast" name="testEmpiricalVariance" time="0.066" /><testcase classname="ip_isr.tests.test_empiricalVariance.MemoryTester" name="testFileDescriptorLeaks" time="0.103" /><testcase classname="ip_isr.tests.test_flatAndIlluminationCorrection.flake-8" name="FLAKE8" time="0.703" /><testcase classname="ip_isr.tests.test_flatAndIlluminationCorrection.IsrTestCases" name="testFlat1" time="0.003" /><testcase classname="ip_isr.tests.test_flatAndIlluminationCorrection.IsrTestCases" name="testFlat2" time="0.002" /><testcase classname="ip_isr.tests.test_flatAndIlluminationCorrection.IsrTestCases" name="testFlat3" time="0.002" /><testcase classname="ip_isr.tests.test_flatAndIlluminationCorrection.IsrTestCases" name="testGainAndReadnoise" time="0.055" /><testcase classname="ip_isr.tests.test_flatAndIlluminationCorrection.IsrTestCases" name="testIllum1" time="0.002" /><testcase classname="ip_isr.tests.test_flatAndIlluminationCorrection.IsrTestCases" name="testIllum2" time="0.002" /><testcase classname="ip_isr.tests.test_flatAndIlluminationCorrection.IsrTestCases" name="testIllum3" time="0.002" /><testcase classname="ip_isr.tests.test_flatAndIlluminationCorrection.MemoryTester" name="testFileDescriptorLeaks" time="0.101" /><testcase classname="ip_isr.tests.test_fringes.flake-8" name="FLAKE8" time="0.721" /><testcase classname="ip_isr.tests.test_fringes.FringeTestCase" name="testBad" time="2.481" /><testcase classname="ip_isr.tests.test_fringes.FringeTestCase" name="testMultiple" time="15.004" /><testcase classname="ip_isr.tests.test_fringes.FringeTestCase" name="testPedestal" time="23.281" /><testcase classname="ip_isr.tests.test_fringes.FringeTestCase" name="testRun" time="8.200" /><testcase classname="ip_isr.tests.test_fringes.FringeTestCase" name="testSingle" time="8.196" /><testcase classname="ip_isr.tests.test_fringes.FringeTestCase" name="test_multiFringes" time="7.179" /><testcase classname="ip_isr.tests.test_fringes.MemoryTester" name="testFileDescriptorLeaks" time="0.112" /><testcase classname="ip_isr.tests.test_isrFunctions.flake-8" name="FLAKE8" time="1.083" /><testcase classname="ip_isr.tests.test_isrFunctions.IsrFunctionsCases" name="test_attachTransmissionCurve" time="1.798" /><testcase classname="ip_isr.tests.test_isrFunctions.IsrFunctionsCases" name="test_attachTransmissionCurve_None" time="1.767" /><testcase classname="ip_isr.tests.test_isrFunctions.IsrFunctionsCases" name="test_biasCorrection" time="1.844" /><testcase classname="ip_isr.tests.test_isrFunctions.IsrFunctionsCases" name="test_brighterFatterCorrection" time="1.891" /><testcase classname="ip_isr.tests.test_isrFunctions.IsrFunctionsCases" name="test_countMaskedPixels" time="2.166" /><testcase classname="ip_isr.tests.test_isrFunctions.IsrFunctionsCases" name="test_darkCorrection" time="1.854" /><testcase classname="ip_isr.tests.test_isrFunctions.IsrFunctionsCases" name="test_flatCorrection" time="2.188" /><testcase classname="ip_isr.tests.test_isrFunctions.IsrFunctionsCases" name="test_flatCorrectionUnknown" time="2.252" /><testcase classname="ip_isr.tests.test_isrFunctions.IsrFunctionsCases" name="test_gainContext" time="1.781" /><testcase classname="ip_isr.tests.test_isrFunctions.IsrFunctionsCases" name="test_illumCorrection" time="2.160" /><testcase classname="ip_isr.tests.test_isrFunctions.IsrFunctionsCases" name="test_interpolateDefectList" time="1.775" /><testcase classname="ip_isr.tests.test_isrFunctions.IsrFunctionsCases" name="test_interpolateFromMask" time="1.795" /><testcase classname="ip_isr.tests.test_isrFunctions.IsrFunctionsCases" name="test_makeThresholdMask" time="1.773" /><testcase classname="ip_isr.tests.test_isrFunctions.IsrFunctionsCases" name="test_saturationCorrectionInterpolate" time="1.777" /><testcase classname="ip_isr.tests.test_isrFunctions.IsrFunctionsCases" name="test_saturationCorrectionNoInterpolate" time="1.881" /><testcase classname="ip_isr.tests.test_isrFunctions.IsrFunctionsCases" name="test_setBadRegions" time="1.774" /><testcase classname="ip_isr.tests.test_isrFunctions.IsrFunctionsCases" name="test_transposeDefectList" time="1.788" /><testcase classname="ip_isr.tests.test_isrFunctions.IsrFunctionsCases" name="test_transposeMaskedImage" time="1.774" /><testcase classname="ip_isr.tests.test_isrFunctions.IsrFunctionsCases" name="test_trimToMatchCalibBBox" time="1.822" /><testcase classname="ip_isr.tests.test_isrFunctions.IsrFunctionsCases" name="test_widenSaturationTrails" time="1.776" /><testcase classname="ip_isr.tests.test_isrFunctions.MemoryTester" name="testFileDescriptorLeaks" time="0.095" /><testcase classname="ip_isr.tests.test_isrMisc.flake-8" name="FLAKE8" time="0.612" /><testcase classname="ip_isr.tests.test_isrMisc.IsrMiscCases" name="test_linearize" time="1.770" /><testcase classname="ip_isr.tests.test_isrMisc.IsrMiscCases" name="test_masking" time="1.793" /><testcase classname="ip_isr.tests.test_isrMisc.IsrMiscCases" name="test_straylight" time="1.760" /><testcase classname="ip_isr.tests.test_isrMisc.IsrMiscCases" name="test_vignette_doWrite" time="1.775" /><testcase classname="ip_isr.tests.test_isrMisc.MemoryTester" name="testFileDescriptorLeaks" time="0.097" /><testcase classname="ip_isr.tests.test_isrMock.flake-8" name="FLAKE8" time="0.681" /><testcase classname="ip_isr.tests.test_isrMock.IsrMockCases" name="test_edgeCases" time="1.771" /><testcase classname="ip_isr.tests.test_isrMock.IsrMockCases" name="test_productTypes" time="1.763" /><testcase classname="ip_isr.tests.test_isrMock.IsrMockCases" name="test_simple" time="3.787" /><testcase classname="ip_isr.tests.test_isrMock.IsrMockCases" name="test_untrimmedSimple" time="4.954" /><testcase classname="ip_isr.tests.test_isrMock.MemoryTester" name="testFileDescriptorLeaks" time="0.096" /><testcase classname="ip_isr.tests.test_isrQa.flake-8" name="FLAKE8" time="0.530" /><testcase classname="ip_isr.tests.test_isrQa.IsrQaCases" name="test_makeThumbnail" time="1.766" /><testcase classname="ip_isr.tests.test_isrQa.MemoryTester" name="testFileDescriptorLeaks" time="0.096" /><testcase classname="ip_isr.tests.test_isrStatistics.flake-8" name="FLAKE8" time="0.553" /><testcase classname="ip_isr.tests.test_isrStatistics.IsrStatisticsTestCase" name="test_bandingStatistics" time="1.836" /><testcase classname="ip_isr.tests.test_isrStatistics.MemoryTester" name="testFileDescriptorLeaks" time="0.105" /><testcase classname="ip_isr.tests.test_isrTask.flake-8" name="FLAKE8" time="1.566" /><testcase classname="ip_isr.tests.test_isrTask.IsrTaskTestCases" name="test_convertItoF" time="1.884" /><testcase classname="ip_isr.tests.test_isrTask.IsrTaskTestCases" name="test_darkCorrection" time="2.040" /><testcase classname="ip_isr.tests.test_isrTask.IsrTaskTestCases" name="test_darkCorrection_noVisitInfo" time="1.938" /><testcase classname="ip_isr.tests.test_isrTask.IsrTaskTestCases" name="test_ensureExposure" time="1.960" /><testcase classname="ip_isr.tests.test_isrTask.IsrTaskTestCases" name="test_flatContext" time="2.309" /><testcase classname="ip_isr.tests.test_isrTask.IsrTaskTestCases" name="test_flatCorrection" time="2.252" /><testcase classname="ip_isr.tests.test_isrTask.IsrTaskTestCases" name="test_measureBackground" time="1.971" /><testcase classname="ip_isr.tests.test_isrTask.IsrTaskTestCases" name="test_saturationDetection" time="1.861" /><testcase classname="ip_isr.tests.test_isrTask.IsrTaskTestCases" name="test_updateVariance" time="1.867" /><testcase classname="ip_isr.tests.test_isrTask.IsrTaskUnTrimmedTestCases" name="test_failCases" time="3.907" /><testcase classname="ip_isr.tests.test_isrTask.IsrTaskUnTrimmedTestCases" name="test_maskingCase_negativeVariance" time="3.930" /><testcase classname="ip_isr.tests.test_isrTask.IsrTaskUnTrimmedTestCases" name="test_maskingCase_noMasking" time="3.939" /><testcase classname="ip_isr.tests.test_isrTask.IsrTaskUnTrimmedTestCases" name="test_maskingCase_satMasking" time="3.865" /><testcase classname="ip_isr.tests.test_isrTask.IsrTaskUnTrimmedTestCases" name="test_maskingCase_satMaskingAndInterp" time="3.998" /><testcase classname="ip_isr.tests.test_isrTask.IsrTaskUnTrimmedTestCases" name="test_maskingCase_throughBad" time="3.985" /><testcase classname="ip_isr.tests.test_isrTask.IsrTaskUnTrimmedTestCases" name="test_maskingCase_throughDefects" time="3.975" /><testcase classname="ip_isr.tests.test_isrTask.IsrTaskUnTrimmedTestCases" name="test_maskingCase_throughDefectsAmpEdges" time="3.867" /><testcase classname="ip_isr.tests.test_isrTask.IsrTaskUnTrimmedTestCases" name="test_maskingCase_throughEdge" time="3.971" /><testcase classname="ip_isr.tests.test_isrTask.IsrTaskUnTrimmedTestCases" name="test_run_allFalse" time="3.912" /><testcase classname="ip_isr.tests.test_isrTask.IsrTaskUnTrimmedTestCases" name="test_run_allTrue" time="3.993" /><testcase classname="ip_isr.tests.test_isrTask.MemoryTester" name="testFileDescriptorLeaks" time="0.100" /><testcase classname="ip_isr.tests.test_linearize.flake-8" name="FLAKE8" time="1.046" /><testcase classname="ip_isr.tests.test_linearize.LinearizeTestCase" name="testBasics" time="0.091" /><testcase classname="ip_isr.tests.test_linearize.MemoryTester" name="testFileDescriptorLeaks" time="0.098" /><testcase classname="ip_isr.tests.test_linearizeLookupTable.flake-8" name="FLAKE8" time="0.981" /><testcase classname="ip_isr.tests.test_linearizeLookupTable.LinearizeLookupTableTestCase" name="testBasics" time="0.008" /><testcase classname="ip_isr.tests.test_linearizeLookupTable.LinearizeLookupTableTestCase" name="testErrorHandling" time="0.003" /><testcase classname="ip_isr.tests.test_linearizeLookupTable.LinearizeLookupTableTestCase" name="testKnown" time="0.002" /><testcase classname="ip_isr.tests.test_linearizeLookupTable.LinearizeLookupTableTestCase" name="testPickle" time="0.007" /><testcase classname="ip_isr.tests.test_linearizeLookupTable.MemoryTester" name="testFileDescriptorLeaks" time="0.098" /><testcase classname="ip_isr.tests.test_linearizeSquared.flake-8" name="FLAKE8" time="0.790" /><testcase classname="ip_isr.tests.test_linearizeSquared.LinearizeSquaredTestCase" name="testBasics" time="0.007" /><testcase classname="ip_isr.tests.test_linearizeSquared.LinearizeSquaredTestCase" name="testKnown" time="0.002" /><testcase classname="ip_isr.tests.test_linearizeSquared.LinearizeSquaredTestCase" name="testPickle" time="0.004" /><testcase classname="ip_isr.tests.test_linearizeSquared.MemoryTester" name="testFileDescriptorLeaks" time="0.097" /><testcase classname="ip_isr.tests.test_maskNans.flake-8" name="FLAKE8" time="0.516" /><testcase classname="ip_isr.tests.test_maskNans.MaskNansTestCase" name="testMaskImageD" time="0.007" /><testcase classname="ip_isr.tests.test_maskNans.MaskNansTestCase" name="testMaskImageF" time="0.006" /><testcase classname="ip_isr.tests.test_maskNans.MemoryTester" name="testFileDescriptorLeaks" time="0.098" /><testcase classname="ip_isr.tests.test_overscanCorrection.flake-8" name="FLAKE8" time="1.491" /><testcase classname="ip_isr.tests.test_overscanCorrection.IsrTestCases" name="test_MedianOverscanCorrection" time="0.098" /><testcase classname="ip_isr.tests.test_overscanCorrection.IsrTestCases" name="test_MedianPerRowOverscanCorrection" time="0.695" /><testcase classname="ip_isr.tests.test_overscanCorrection.IsrTestCases" name="test_PolyOverscanCorrection" time="0.402" /><testcase classname="ip_isr.tests.test_overscanCorrection.IsrTestCases" name="test_SplineOverscanCorrection" time="0.300" /><testcase classname="ip_isr.tests.test_overscanCorrection.IsrTestCases" name="test_bleedParallelOverscanCorrection" time="0.146" /><testcase classname="ip_isr.tests.test_overscanCorrection.IsrTestCases" name="test_bleedParallelOverscanCorrectionFailure" time="0.095" /><testcase classname="ip_isr.tests.test_overscanCorrection.IsrTestCases" name="test_overscanCorrection" time="0.047" /><testcase classname="ip_isr.tests.test_overscanCorrection.IsrTestCases" name="test_overscanCorrection_isNotInt" time="0.277" /><testcase classname="ip_isr.tests.test_overscanCorrection.IsrTestCases" name="test_parallelOverscanCorrection" time="0.095" /><testcase classname="ip_isr.tests.test_overscanCorrection.MemoryTester" name="testFileDescriptorLeaks" time="0.111" /><testcase classname="ip_isr.tests.test_photodiode.flake-8" name="FLAKE8" time="0.680" /><testcase classname="ip_isr.tests.test_photodiode.PhotodiodeTestCase" name="testDataOnly" time="0.028" /><testcase classname="ip_isr.tests.test_photodiode.PhotodiodeTestCase" name="testFullyPopulated" time="0.026" /><testcase classname="ip_isr.tests.test_photodiode.PhotodiodeTestCase" name="testIntegrateChargeSum" time="0.001" /><testcase classname="ip_isr.tests.test_photodiode.MemoryTester" name="testFileDescriptorLeaks" time="0.099" /><testcase classname="ip_isr.tests.test_photodiodeCorrection.flake-8" name="FLAKE8" time="0.401" /><testcase classname="ip_isr.tests.test_photodiodeCorrection.PhotodiodeCorrectionTestCase" name="testDataOnly" time="0.026" /><testcase classname="ip_isr.tests.test_photodiodeCorrection.PhotodiodeCorrectionTestCase" name="testFullyPopulated" time="0.024" /><testcase classname="ip_isr.tests.test_photodiodeCorrection.MemoryTester" name="testFileDescriptorLeaks" time="0.098" /><testcase classname="ip_isr.tests.test_ptcDataset.flake-8" name="FLAKE8" time="1.114" /><testcase classname="ip_isr.tests.test_ptcDataset.PtcDatasetCases" name="test_emptyPtcDataset" time="0.532" /><testcase classname="ip_isr.tests.test_ptcDataset.PtcDatasetCases" name="test_getExpIdsUsed" time="0.385" /><testcase classname="ip_isr.tests.test_ptcDataset.PtcDatasetCases" name="test_getGoodAmps" time="0.384" /><testcase classname="ip_isr.tests.test_ptcDataset.PtcDatasetCases" name="test_partialPtcDataset" time="0.650" /><testcase classname="ip_isr.tests.test_ptcDataset.PtcDatasetCases" name="test_ptcDataset_pre_dm38309" time="0.395" /><testcase classname="ip_isr.tests.test_ptcDataset.PtcDatasetCases" name="test_ptcDatset" time="0.986" /><testcase classname="ip_isr.tests.test_ptcDataset.MemoryTester" name="testFileDescriptorLeaks" time="0.099" /><testcase classname="ip_isr.tests.test_saturationCorrection.flake-8" name="FLAKE8" time="0.625" /><testcase classname="ip_isr.tests.test_saturationCorrection.IsrTestCases" name="testSaturation" time="0.007" /><testcase classname="ip_isr.tests.test_saturationCorrection.MemoryTester" name="testFileDescriptorLeaks" time="0.100" /><testcase classname="ip_isr.tests.test_setValidPolygonIntersect.flake-8" name="FLAKE8" time="0.479" /><testcase classname="ip_isr.tests.test_setValidPolygonIntersect.SetValidPolygonIntersectTestCase" name="testSetPolygonIntersect" time="0.008" /><testcase classname="ip_isr.tests.test_setValidPolygonIntersect.MemoryTester" name="testFileDescriptorLeaks" time="0.099" /><testcase classname="ip_isr.tests.test_suspectMasking.flake-8" name="FLAKE8" time="0.686" /><testcase classname="ip_isr.tests.test_suspectMasking.IsrTestCases" name="testBasicMasking" time="0.052" /><testcase classname="ip_isr.tests.test_suspectMasking.IsrTestCases" name="testNanLevel" time="0.053" /><testcase classname="ip_isr.tests.test_suspectMasking.IsrTestCases" name="testRenamedMasking" time="0.096" /><testcase classname="ip_isr.tests.test_suspectMasking.MemoryTester" name="testFileDescriptorLeaks" time="0.102" /><testcase classname="ip_isr.tests.test_transmissionCurve.flake-8" name="FLAKE8" time="0.567" /><testcase classname="ip_isr.tests.test_transmissionCurve.TransmissionCurveCases" name="test_construction" time="0.131" /><testcase classname="ip_isr.tests.test_transmissionCurve.TransmissionCurveCases" name="test_output" time="0.072" /><testcase classname="ip_isr.tests.test_transmissionCurve.MemoryTester" name="testFileDescriptorLeaks" time="0.102" /></testsuite></testsuites>